<?xml version="1.0" encoding="UTF-8"?>
<!-- Generated by org.testng.reporters.JUnitReportReporter -->
<testsuite hostname="DESKTOP-1C73G36" failures="0" tests="1" name="practiceTest.CreatePurchaseOrderSelectMarketingGroupTest" time="82.729" errors="0" timestamp="2022-01-19T22:31:03 IST" skipped="0">
  <testcase classname="practiceTest.CreatePurchaseOrderSelectMarketingGroupTest" name="craetePurchaseOrdeSelectMarketingGroup" time="82.729"/>
  <system-out/>
</testsuite> <!-- practiceTest.CreatePurchaseOrderSelectMarketingGroupTest -->
