<?xml version="1.0" encoding="UTF-8"?>
<!-- Generated by org.testng.reporters.JUnitReportReporter -->
<testsuite hostname="DESKTOP-1C73G36" failures="0" tests="1" name="purchaseorderTest.CreatePurchaseOrderSelectAssignedToSelectUserTest" time="18.128" errors="0" timestamp="2022-02-01T15:11:40 IST" skipped="0">
  <testcase classname="purchaseorderTest.CreatePurchaseOrderSelectAssignedToSelectUserTest" name="createPurchaseOrderAndAssignedToUserTest" time="18.128"/>
  <system-out/>
</testsuite> <!-- purchaseorderTest.CreatePurchaseOrderSelectAssignedToSelectUserTest -->
