<?xml version="1.0" encoding="UTF-8"?>
<!-- Generated by org.testng.reporters.JUnitReportReporter -->
<testsuite hostname="DESKTOP-1C73G36" failures="0" tests="3" name="practiceTest.CreateOrg" time="0.016" errors="0" timestamp="2022-01-18T12:04:43 IST" skipped="0">
  <testcase classname="practiceTest.CreateOrg" name="org" time="0.010"/>
  <system-out/>
  <testcase classname="practiceTest.CreateOrg" name="contact" time="0.003"/>
  <system-out/>
  <testcase classname="practiceTest.CreateOrg" name="product" time="0.003"/>
  <system-out/>
</testsuite> <!-- practiceTest.CreateOrg -->
