<?xml version="1.0" encoding="UTF-8"?>
<!-- Generated by org.testng.reporters.JUnitReportReporter -->
<testsuite hostname="DESKTOP-1C73G36" failures="0" tests="1" name="purchaseorderTest.CreatePurchaseOrderSelectAssignedtoSelectGroupsTest" time="41.664" errors="0" timestamp="2022-02-01T15:37:48 IST" skipped="0">
  <testcase classname="purchaseorderTest.CreatePurchaseOrderSelectAssignedtoSelectGroupsTest" name="createPurchaseOrderSelectAssignedToGroup" time="41.664"/>
  <system-out/>
</testsuite> <!-- purchaseorderTest.CreatePurchaseOrderSelectAssignedtoSelectGroupsTest -->
