<?xml version="1.0" encoding="UTF-8"?>
<!-- Generated by org.testng.reporters.JUnitReportReporter -->
<testsuite hostname="DESKTOP-1C73G36" failures="0" tests="1" name="practiceTest.CreatePurchaseOrderSelectAssignedToSelectUserTest" time="57.964" errors="0" timestamp="2022-01-20T09:10:48 IST" skipped="0">
  <testcase classname="practiceTest.CreatePurchaseOrderSelectAssignedToSelectUserTest" name="createPurchaseOrder" time="57.964"/>
  <system-out/>
</testsuite> <!-- practiceTest.CreatePurchaseOrderSelectAssignedToSelectUserTest -->
