<?xml version="1.0" encoding="UTF-8"?>
<!-- Generated by org.testng.reporters.JUnitReportReporter -->
<testsuite hostname="DESKTOP-1C73G36" failures="0" tests="1" name="purchaseorderTest.CreatePurchaseOrderSelectSupportGroupTest" time="29.366" errors="0" timestamp="2022-02-01T15:43:47 IST" skipped="0">
  <testcase classname="purchaseorderTest.CreatePurchaseOrderSelectSupportGroupTest" name="createPurchaseOrderSelectSupportGroup" time="29.366"/>
  <system-out/>
</testsuite> <!-- purchaseorderTest.CreatePurchaseOrderSelectSupportGroupTest -->
