<?xml version="1.0" encoding="UTF-8"?>
<!-- Generated by org.testng.reporters.JUnitReportReporter -->
<testsuite hostname="DESKTOP-1C73G36" failures="0" tests="1" name="practiceTest.CreatePurchaseOrderSelectAssignedtoSelectGroupsTest" time="114.515" errors="0" timestamp="2022-01-19T08:34:44 IST" skipped="0">
  <testcase classname="practiceTest.CreatePurchaseOrderSelectAssignedtoSelectGroupsTest" name="createPurchaseOrderAssignedToGroup" time="114.515"/>
  <system-out/>
</testsuite> <!-- practiceTest.CreatePurchaseOrderSelectAssignedtoSelectGroupsTest -->
