<?xml version="1.0" encoding="UTF-8"?>
<!-- Generated by org.testng.reporters.JUnitReportReporter -->
<testsuite hostname="DESKTOP-1C73G36" failures="0" tests="1" name="purchaseorderTest.CreatePurchaseOrderSelectMarketingGroupTest" time="28.477" errors="0" timestamp="2022-02-01T15:41:17 IST" skipped="0">
  <testcase classname="purchaseorderTest.CreatePurchaseOrderSelectMarketingGroupTest" name="createPurchaseOrderSelectMarketingGroup" time="28.477"/>
  <system-out/>
</testsuite> <!-- purchaseorderTest.CreatePurchaseOrderSelectMarketingGroupTest -->
