<?xml version="1.0" encoding="UTF-8"?>
<!-- Generated by org.testng.reporters.JUnitReportReporter -->
<testsuite hostname="DESKTOP-1C73G36" failures="0" tests="1" name="practiceTest.RetryClass" time="0.014" errors="0" timestamp="2022-01-19T23:22:51 IST" skipped="0">
  <testcase classname="practiceTest.RetryClass" name="retry" time="0.014"/>
  <system-out/>
</testsuite> <!-- practiceTest.RetryClass -->
